<?xml version="1.0" encoding="UTF-8"?>
<testsuite xmlns:xsi="http://www.w3.org/2001/XMLSchema-instance" xsi:noNamespaceSchemaLocation="https://maven.apache.org/surefire/maven-surefire-plugin/xsd/surefire-test-report-3.0.xsd" version="3.0" name="dev.ntziks.loyalty.adapters.PointsQuoteVerticleTest" time="3.894" tests="4" errors="0" skipped="0" failures="0">
  <properties>
[...]
</properties>
  <testcase name="validation_rejects_invalid_fare(Vertx, VertxTestContext)" classname="dev.ntziks.loyalty.adapters.PointsQuoteVerticleTest" time="1.275"/>
  <testcase name="promo_timeout_falls_back_to_no_bonus(Vertx, VertxTestContext)" classname="dev.ntziks.loyalty.adapters.PointsQuoteVerticleTest" time="0.653"/>
  <testcase name="fx_retry_then_failures_result_in_502(Vertx, VertxTestContext)" classname="dev.ntziks.loyalty.adapters.PointsQuoteVerticleTest" time="0.093"/>
  <testcase name="success_quote_includes_warnings_and_cap(Vertx, VertxTestContext)" classname="dev.ntziks.loyalty.adapters.PointsQuoteVerticleTest" time="0.11"/>
</testsuite>